<?xml version="1.0" encoding="UTF-8"?>
<!-- Generated by org.testng.reporters.JUnitReportReporter -->
<testsuite hostname="DESKTOP-1VSDUBV" failures="0" tests="1" name="githubCmdPractice.JenkinsScriptTest" time="0.018" errors="0" timestamp="2023-03-13T15:53:50 IST" skipped="0">
  <testcase classname="githubCmdPractice.JenkinsScriptTest" name="test" time="0.018"/>
  <system-out/>
</testsuite> <!-- githubCmdPractice.JenkinsScriptTest -->
