<?xml version="1.0" encoding="UTF-8"?>
<!-- Generated by org.testng.reporters.JUnitReportReporter -->
<testsuite hostname="DESKTOP-1VSDUBV" failures="0" tests="1" name="githubCmdPractice.JenkinsPracticeTest" time="0.010" errors="0" timestamp="2023-03-10T15:29:51 IST" skipped="0">
  <testcase classname="githubCmdPractice.JenkinsPracticeTest" name="name" time="0.010"/>
  <system-out/>
</testsuite> <!-- githubCmdPractice.JenkinsPracticeTest -->
