<?xml version="1.0" encoding="UTF-8"?>
<!-- Generated by org.testng.reporters.JUnitReportReporter -->
<testsuite hostname="DESKTOP-1VSDUBV" failures="0" tests="1" name="githubCmdPractice.GithubPracticeTest" time="0.010" errors="0" timestamp="2023-03-10T14:52:13 IST" skipped="0">
  <testcase classname="githubCmdPractice.GithubPracticeTest" name="test" time="0.010"/>
  <system-out/>
</testsuite> <!-- githubCmdPractice.GithubPracticeTest -->
