<?xml version="1.0" encoding="UTF-8"?>
<!-- Generated by org.testng.reporters.JUnitReportReporter -->
<testsuite skipped="0" hostname="DESKTOP-1VSDUBV" name="githubCmdPractice.GithubPracticeTest" tests="1" failures="0" timestamp="2023-03-10T17:33:43 IST" time="0.005" errors="0">
  <testcase name="test" time="0.005" classname="githubCmdPractice.GithubPracticeTest"/>
  <system-out/>
</testsuite> <!-- githubCmdPractice.GithubPracticeTest -->
